<?xml version="1.0" encoding="UTF-8"?>
<testsuite xmlns:xsi="http://www.w3.org/2001/XMLSchema-instance" xsi:noNamespaceSchemaLocation="https://maven.apache.org/surefire/maven-surefire-plugin/xsd/surefire-test-report.xsd" version="3.0.2" name="src.test.java.com.romanNumeral.RomanNumeralTests" time="0.077" tests="7" errors="0" skipped="0" failures="0">
  <properties>
[...]
</properties>
  <testcase name="testSimpleAddition" classname="src.test.java.com.romanNumeral.RomanNumeralTests" time="0.038"/>
  <testcase name="testRepeatedNumerals" classname="src.test.java.com.romanNumeral.RomanNumeralTests" time="0.001"/>
  <testcase name="testHistoricalYears" classname="src.test.java.com.romanNumeral.RomanNumeralTests" time="0.001"/>
  <testcase name="testBasicRomanNumerals" classname="src.test.java.com.romanNumeral.RomanNumeralTests" time="0.001"/>
  <testcase name="testComplexNumbers" classname="src.test.java.com.romanNumeral.RomanNumeralTests" time="0.001"/>
  <testcase name="testLargeNumbers" classname="src.test.java.com.romanNumeral.RomanNumeralTests" time="0.002"/>
  <testcase name="testSubtraction" classname="src.test.java.com.romanNumeral.RomanNumeralTests" time="0.001"/>
</testsuite>