<?xml version="1.0" encoding="UTF-8"?>
<testsuite xmlns:xsi="http://www.w3.org/2001/XMLSchema-instance" xsi:noNamespaceSchemaLocation="https://maven.apache.org/surefire/maven-surefire-plugin/xsd/surefire-test-report.xsd" version="3.0.2" name="com.boundedIntQueue.BoundedIntQueueTests" time="0.059" tests="33" errors="0" skipped="0" failures="0">
  <properties>
[...]
</properties>
  <testcase name="testConstructorNegativeCapacity" classname="com.boundedIntQueue.BoundedIntQueueTests" time="0.003"/>
  <testcase name="testSizeAfterRemovals" classname="com.boundedIntQueue.BoundedIntQueueTests" time="0.001"/>
  <testcase name="testIsFullPartial" classname="com.boundedIntQueue.BoundedIntQueueTests" time="0.002"/>
  <testcase name="testIsFullAtCapacity" classname="com.boundedIntQueue.BoundedIntQueueTests" time="0.002"/>
  <testcase name="testConstructorZeroCapacity" classname="com.boundedIntQueue.BoundedIntQueueTests" time="0.001"/>
  <testcase name="testRemoveFirstSingle" classname="com.boundedIntQueue.BoundedIntQueueTests" time="0.0"/>
  <testcase name="testIsEmptyAfterRemoval" classname="com.boundedIntQueue.BoundedIntQueueTests" time="0.001"/>
  <testcase name="testStateAfterQueueFullException" classname="com.boundedIntQueue.BoundedIntQueueTests" time="0.002"/>
  <testcase name="testAddLastMaxInt" classname="com.boundedIntQueue.BoundedIntQueueTests" time="0.001"/>
  <testcase name="testAddLastMinInt" classname="com.boundedIntQueue.BoundedIntQueueTests" time="0.001"/>
  <testcase name="testIsFullNew" classname="com.boundedIntQueue.BoundedIntQueueTests" time="0.001"/>
  <testcase name="testAddLastToFull" classname="com.boundedIntQueue.BoundedIntQueueTests" time="0.001"/>
  <testcase name="testIsEmptyNew" classname="com.boundedIntQueue.BoundedIntQueueTests" time="0.001"/>
  <testcase name="testSizeAfterAdditions" classname="com.boundedIntQueue.BoundedIntQueueTests" time="0.001"/>
  <testcase name="testAddLastToEmpty" classname="com.boundedIntQueue.BoundedIntQueueTests" time="0.001"/>
  <testcase name="testLargeCapacity" classname="com.boundedIntQueue.BoundedIntQueueTests" time="0.001"/>
  <testcase name="testIsEmptyNonEmpty" classname="com.boundedIntQueue.BoundedIntQueueTests" time="0.001"/>
  <testcase name="testRemoveFirstFromEmpty" classname="com.boundedIntQueue.BoundedIntQueueTests" time="0.001"/>
  <testcase name="testStateAfterQueueEmptyException" classname="com.boundedIntQueue.BoundedIntQueueTests" time="0.001"/>
  <testcase name="testCapacity" classname="com.boundedIntQueue.BoundedIntQueueTests" time="0.001"/>
  <testcase name="testAddLastMultiple" classname="com.boundedIntQueue.BoundedIntQueueTests" time="0.001"/>
  <testcase name="testRemoveFirstNegative" classname="com.boundedIntQueue.BoundedIntQueueTests" time="0.001"/>
  <testcase name="testAddLastNegative" classname="com.boundedIntQueue.BoundedIntQueueTests" time="0.002"/>
  <testcase name="testSizeEmpty" classname="com.boundedIntQueue.BoundedIntQueueTests" time="0.003"/>
  <testcase name="testAddLastZero" classname="com.boundedIntQueue.BoundedIntQueueTests" time="0.001"/>
  <testcase name="testMixedOperations" classname="com.boundedIntQueue.BoundedIntQueueTests" time="0.001"/>
  <testcase name="testConstructorValidCapacity" classname="com.boundedIntQueue.BoundedIntQueueTests" time="0.001"/>
  <testcase name="testCapacityOne" classname="com.boundedIntQueue.BoundedIntQueueTests" time="0.001"/>
  <testcase name="testRemoveFirstExtremeValues" classname="com.boundedIntQueue.BoundedIntQueueTests" time="0.001"/>
  <testcase name="testRefillingAfterEmpty" classname="com.boundedIntQueue.BoundedIntQueueTests" time="0.001"/>
  <testcase name="testRemoveFirstFIFO" classname="com.boundedIntQueue.BoundedIntQueueTests" time="0.001"/>
  <testcase name="testRemoveFirstZero" classname="com.boundedIntQueue.BoundedIntQueueTests" time="0.001"/>
  <testcase name="testIsFullAfterRemoval" classname="com.boundedIntQueue.BoundedIntQueueTests" time="0.001"/>
</testsuite>